CRITICAL - 2023-05-30 11:44:07 --> The framework needs the following extension(s) installed and loaded: intl, mbstring.
in SYSTEMPATH\CodeIgniter.php on line 226.
 1 SYSTEMPATH\CodeIgniter.php(226): CodeIgniter\Exceptions\FrameworkException::forMissingExtension('intl, mbstring')
 2 SYSTEMPATH\CodeIgniter.php(190): CodeIgniter\CodeIgniter->resolvePlatformExtensions()
 3 ROOTPATH\spark(83): CodeIgniter\CodeIgniter->initialize()
CRITICAL - 2023-05-30 11:44:07 --> Uncaught Error: Call to undefined function CodeIgniter\CLI\mb_strpos() in F:\TBM\worldofmekhla\system\CLI\CLI.php:872
Stack trace:
#0 F:\TBM\worldofmekhla\system\CLI\CLI.php(161): CodeIgniter\CLI\CLI::parseCommandLine()
#1 F:\TBM\worldofmekhla\system\CLI\CLI.php(1115): CodeIgniter\CLI\CLI::init()
#2 F:\TBM\worldofmekhla\system\Autoloader\Autoloader.php(312): include_once('F:\\TBM\\worldofm...')
#3 F:\TBM\worldofmekhla\system\Autoloader\Autoloader.php(289): CodeIgniter\Autoloader\Autoloader->includeFile('F:\\TBM\\worldofm...')
#4 F:\TBM\worldofmekhla\system\Autoloader\Autoloader.php(267): CodeIgniter\Autoloader\Autoloader->loadInNamespace('CodeIgniter\\CLI...')
#5 F:\TBM\worldofmekhla\app\Views\errors\cli\error_exception.php(6): CodeIgniter\Autoloader\Autoloader->loadClass('CodeIgniter\\CLI...')
#6 F:\TBM\worldofmekhla\system\Debug\Exceptions.php(282): include('F:\\TBM\\worldofm...')
#7 F:\TBM\worldofmekhla\system\Debug\Exceptions.php(285): CodeIgniter\Debug\Exceptions->CodeIgniter\Debug\{closure}()
#8 F:\TBM\worldofmekhla\system\Debug\Exceptions.php(156): CodeIgniter\Debug\Exceptions->render(Object(CodeIgniter\Exceptions\FrameworkException), 500)
#9 [internal function]: CodeIgniter\Debug\Exceptions->exceptionHandler(Object(CodeIgniter\Exceptions\FrameworkException))
#10 {main}
  thrown
【Previous Exception】
CodeIgniter\Exceptions\FrameworkException
The framework needs the following extension(s) installed and loaded: intl, mbstring.
#0 F:\TBM\worldofmekhla\system\CodeIgniter.php(226): CodeIgniter\Exceptions\FrameworkException::forMissingExtension('intl, mbstring')
#1 F:\TBM\worldofmekhla\system\CodeIgniter.php(190): CodeIgniter\CodeIgniter->resolvePlatformExtensions()
#2 F:\TBM\worldofmekhla\spark(83): CodeIgniter\CodeIgniter->initialize()
#3 {main}
in SYSTEMPATH\CLI\CLI.php on line 872.
 1 [internal function]: CodeIgniter\Debug\Exceptions->shutdownHandler()
CRITICAL - 2023-05-30 11:53:00 --> include_once(./components/header.php): Failed to open stream: No such file or directory
in APPPATH\Views\home.php on line 17.
 1 APPPATH\Views\home.php(17): CodeIgniter\Debug\Exceptions->errorHandler(2, 'include_once(./components/header.php): Failed to open stream: No such file or directory', 'F:\\TBM\\worldofmekhla\\app\\Views\\home.php', 17)
 2 APPPATH\Views\home.php(17): include_once()
 3 SYSTEMPATH\View\View.php(213): include('F:\\TBM\\worldofmekhla\\app\\Views\\home.php')
 4 SYSTEMPATH\View\View.php(216): CodeIgniter\View\View->CodeIgniter\View\{closure}()
 5 SYSTEMPATH\Common.php(1184): CodeIgniter\View\View->render('home', [], true)
 6 APPPATH\Controllers\Home.php(9): view('home')
 7 SYSTEMPATH\CodeIgniter.php(934): App\Controllers\Home->index()
 8 SYSTEMPATH\CodeIgniter.php(499): CodeIgniter\CodeIgniter->runController(Object(App\Controllers\Home))
 9 SYSTEMPATH\CodeIgniter.php(368): CodeIgniter\CodeIgniter->handleRequest(null, Object(Config\Cache), false)
10 FCPATH\index.php(67): CodeIgniter\CodeIgniter->run()
11 SYSTEMPATH\Commands\Server\rewrite.php(47): require_once('F:\\TBM\\worldofmekhla\\public\\index.php')
